01/15/2019 02:37:21 PM - AboutUs - INFO: Element found with locator: .journey-main .heading-rotated div and  locatorType: css
01/15/2019 02:37:21 PM - AboutUs - INFO: Element Scrolled into View with locator: .journey-main .heading-rotated divlocatorType: css
01/15/2019 02:37:21 PM - AboutUs - INFO: Element found with locator: .journey-main .heading-rotated div and  locatorType: css
01/15/2019 02:37:21 PM - AboutUs - INFO: Element Found by locator:.journey-main .heading-rotated div and locatorType:css
01/15/2019 02:37:21 PM - Status - INFO: ### VERIFICATION SUCCESSFUL :: + Verify About Us
01/15/2019 02:37:22 PM - AboutUs - INFO: Element found with locator: .journey h3 and  locatorType: css
01/15/2019 02:37:22 PM - AboutUs - INFO: Element Found by locator:.journey h3 and locatorType:css
01/15/2019 02:37:22 PM - Status - INFO: ### VERIFICATION SUCCESSFUL :: + Verify Our Vision
01/15/2019 02:37:22 PM - AboutUs - INFO: Waiting for maximum :: 10 :: seconds for element to be clickable
01/15/2019 02:37:34 PM - AboutUs - INFO: Element not appeared on the web pageMORE ABOUT US
01/15/2019 02:37:37 PM - AboutUs - INFO: Element not found with locator: MORE ABOUT US and  locatorType: link
01/15/2019 02:37:37 PM - AboutUs - INFO: Element not found by locatorMORE ABOUT US and locatorType:link
01/15/2019 02:37:37 PM - Status - ERROR: ### VERIFICATION FAILED :: + Verify More About Us
01/15/2019 02:37:37 PM - Status - INFO: Screenshot save to directory - D:\tekrevol/screenshots/Verify More About Us.1547545057430.png
01/15/2019 02:37:37 PM - AboutUs - INFO: Element found with locator: .our-expertise h2 and  locatorType: css
01/15/2019 02:37:37 PM - AboutUs - INFO: Element Found by locator:.our-expertise h2 and locatorType:css
01/15/2019 02:37:37 PM - Status - INFO: ### VERIFICATION SUCCESSFUL :: + Verify Why Tekrevol
01/15/2019 02:37:37 PM - AboutUs - INFO: Element found with locator: #headingOne [class='col-xs-8 text'] and  locatorType: css
01/15/2019 02:37:37 PM - AboutUs - INFO: Element Found by locator:#headingOne [class='col-xs-8 text'] and locatorType:css
01/15/2019 02:37:37 PM - Status - INFO: ### VERIFICATION SUCCESSFUL :: + Verify Guaranteed Clients
01/15/2019 02:37:37 PM - AboutUs - INFO: Element found with locator: [href='\#collapseTwo'] [class='col-xs-8 text'] and  locatorType: css
01/15/2019 02:37:37 PM - AboutUs - INFO: Element Found by locator:[href='\#collapseTwo'] [class='col-xs-8 text'] and locatorType:css
01/15/2019 02:37:37 PM - Status - INFO: ### VERIFICATION SUCCESSFUL :: + Verify Integrated Solutions
01/15/2019 02:37:37 PM - AboutUs - INFO: Element found with locator: [href='\#collapseFour'] [class='col-xs-8 text'] and  locatorType: css
01/15/2019 02:37:37 PM - AboutUs - INFO: Element Found by locator:[href='\#collapseFour'] [class='col-xs-8 text'] and locatorType:css
01/15/2019 02:37:37 PM - Status - INFO: ### VERIFICATION SUCCESSFUL :: + Verify Dynamic Web
01/15/2019 02:37:37 PM - AboutUs - INFO: Element found with locator: [href='\#collapseFive'] [class='col-xs-8 text'] and  locatorType: css
01/15/2019 02:37:37 PM - AboutUs - INFO: Element Found by locator:[href='\#collapseFive'] [class='col-xs-8 text'] and locatorType:css
01/15/2019 02:37:37 PM - Status - INFO: ### VERIFICATION SUCCESSFUL :: + Verify Mobile Responsive
01/15/2019 02:37:37 PM - AboutUs - INFO: Element found with locator: [href='\#collapseSix'] [class='col-xs-8 text'] and  locatorType: css
01/15/2019 02:37:37 PM - AboutUs - INFO: Element Found by locator:[href='\#collapseSix'] [class='col-xs-8 text'] and locatorType:css
01/15/2019 02:37:37 PM - Status - INFO: ### VERIFICATION SUCCESSFUL :: + Verify Customized Solutions
01/15/2019 02:37:37 PM - AboutUs - INFO: Element found with locator: [href='\#collapseSeven'] [class='col-xs-8 text'] and  locatorType: css
01/15/2019 02:37:37 PM - AboutUs - INFO: Element Found by locator:[href='\#collapseSeven'] [class='col-xs-8 text'] and locatorType:css
01/15/2019 02:37:37 PM - Status - INFO: ### VERIFICATION SUCCESSFUL :: + Verify 
01/15/2019 02:37:37 PM - Status - ERROR: Verify About Us All ### TEST FAILED
01/18/2019 04:58:11 PM - AboutUs - INFO: Element found with locator: .journey-main .heading-rotated div and  locatorType: css
01/18/2019 04:58:11 PM - AboutUs - INFO: Element Scrolled into View with locator: .journey-main .heading-rotated divlocatorType: css
01/18/2019 04:58:11 PM - AboutUs - INFO: Element found with locator: .journey-main .heading-rotated div and  locatorType: css
01/18/2019 04:58:11 PM - AboutUs - INFO: Element Found by locator:.journey-main .heading-rotated div and locatorType:css
01/18/2019 04:58:11 PM - Status - INFO: ### VERIFICATION SUCCESSFUL :: + Verify About Us
01/18/2019 04:58:11 PM - AboutUs - INFO: Element found with locator: .journey h3 and  locatorType: css
01/18/2019 04:58:11 PM - AboutUs - INFO: Element Found by locator:.journey h3 and locatorType:css
01/18/2019 04:58:11 PM - Status - INFO: ### VERIFICATION SUCCESSFUL :: + Verify Our Vision
01/18/2019 04:58:11 PM - AboutUs - INFO: Waiting for maximum :: 10 :: seconds for element to be clickable
01/18/2019 04:58:24 PM - AboutUs - INFO: Element not appeared on the web pageMORE ABOUT US
01/18/2019 04:58:27 PM - AboutUs - INFO: Element not found with locator: MORE ABOUT US and  locatorType: link
01/18/2019 04:58:27 PM - AboutUs - INFO: Element not found by locatorMORE ABOUT US and locatorType:link
01/18/2019 04:58:27 PM - Status - ERROR: ### VERIFICATION FAILED :: + Verify More About Us
01/18/2019 04:58:27 PM - Status - INFO: Screenshot save to directory - D:\tekrevol/screenshots/Verify More About Us.1547812707366.png
01/18/2019 04:58:27 PM - AboutUs - INFO: Element found with locator: .our-expertise h2 and  locatorType: css
01/18/2019 04:58:27 PM - AboutUs - INFO: Element Found by locator:.our-expertise h2 and locatorType:css
01/18/2019 04:58:27 PM - Status - INFO: ### VERIFICATION SUCCESSFUL :: + Verify Why Tekrevol
01/18/2019 04:58:27 PM - AboutUs - INFO: Element found with locator: #headingOne [class='col-xs-8 text'] and  locatorType: css
01/18/2019 04:58:27 PM - AboutUs - INFO: Element Found by locator:#headingOne [class='col-xs-8 text'] and locatorType:css
01/18/2019 04:58:27 PM - Status - INFO: ### VERIFICATION SUCCESSFUL :: + Verify Guaranteed Clients
01/18/2019 04:58:27 PM - AboutUs - INFO: Element found with locator: [href='\#collapseTwo'] [class='col-xs-8 text'] and  locatorType: css
01/18/2019 04:58:27 PM - AboutUs - INFO: Element Found by locator:[href='\#collapseTwo'] [class='col-xs-8 text'] and locatorType:css
01/18/2019 04:58:27 PM - Status - INFO: ### VERIFICATION SUCCESSFUL :: + Verify Integrated Solutions
01/18/2019 04:58:27 PM - AboutUs - INFO: Element found with locator: [href='\#collapseFour'] [class='col-xs-8 text'] and  locatorType: css
01/18/2019 04:58:27 PM - AboutUs - INFO: Element Found by locator:[href='\#collapseFour'] [class='col-xs-8 text'] and locatorType:css
01/18/2019 04:58:27 PM - Status - INFO: ### VERIFICATION SUCCESSFUL :: + Verify Dynamic Web
01/18/2019 04:58:27 PM - AboutUs - INFO: Element found with locator: [href='\#collapseFive'] [class='col-xs-8 text'] and  locatorType: css
01/18/2019 04:58:27 PM - AboutUs - INFO: Element Found by locator:[href='\#collapseFive'] [class='col-xs-8 text'] and locatorType:css
01/18/2019 04:58:27 PM - Status - INFO: ### VERIFICATION SUCCESSFUL :: + Verify Mobile Responsive
01/18/2019 04:58:27 PM - AboutUs - INFO: Element found with locator: [href='\#collapseSix'] [class='col-xs-8 text'] and  locatorType: css
01/18/2019 04:58:27 PM - AboutUs - INFO: Element Found by locator:[href='\#collapseSix'] [class='col-xs-8 text'] and locatorType:css
01/18/2019 04:58:27 PM - Status - INFO: ### VERIFICATION SUCCESSFUL :: + Verify Customized Solutions
01/18/2019 04:58:27 PM - AboutUs - INFO: Element found with locator: [href='\#collapseSeven'] [class='col-xs-8 text'] and  locatorType: css
01/18/2019 04:58:27 PM - AboutUs - INFO: Element Found by locator:[href='\#collapseSeven'] [class='col-xs-8 text'] and locatorType:css
01/18/2019 04:58:27 PM - Status - INFO: ### VERIFICATION SUCCESSFUL :: + Verify App Support
01/18/2019 04:58:27 PM - Status - ERROR: Verify About Us All ### TEST FAILED
